<?xml version="1.0" encoding="UTF-8"?>
<!-- Generated by org.testng.reporters.JUnitReportReporter -->
<testsuite hostname="DESKTOP-LP0ER4S" failures="0" tests="1" name="automationexercise.testcases.ContactusPageTest" time="12.006" errors="0" timestamp="02 Aug 2025 10:56:25 GMT" skipped="0">
  <testcase classname="automationexercise.testcases.ContactusPageTest" name="contactusPageFormTest" time="12.006"/>
</testsuite> <!-- automationexercise.testcases.ContactusPageTest -->
