<?xml version="1.0" encoding="UTF-8"?>
<!-- Generated by org.testng.reporters.JUnitReportReporter -->
<testsuite hostname="DESKTOP-LP0ER4S" failures="0" tests="1" name="softwaretesting.testcases.SignInPageTest" time="6.921" errors="0" timestamp="12 Jul 2025 06:44:55 GMT" skipped="0">
  <testcase classname="softwaretesting.testcases.SignInPageTest" name="signInWithGoogleTest" time="6.921"/>
</testsuite> <!-- softwaretesting.testcases.SignInPageTest -->
