<?xml version="1.0" encoding="UTF-8"?>
<!-- Generated by org.testng.reporters.JUnitReportReporter -->
<testsuite hostname="DESKTOP-LP0ER4S" failures="0" tests="1" name="testcases.LandingPageTest" time="5.502" errors="0" timestamp="11 Jul 2025 07:28:28 GMT" skipped="0">
  <testcase classname="testcases.LandingPageTest" name="clickOnRegistration" time="5.502"/>
</testsuite> <!-- testcases.LandingPageTest -->
