<?xml version="1.0" encoding="UTF-8"?>
<!-- Generated by org.testng.reporters.JUnitReportReporter -->
<testsuite hostname="DESKTOP-LP0ER4S" failures="0" tests="1" name="automationexercise.testcases.ContactusPageTest" time="19.175" errors="0" timestamp="01 Aug 2025 16:51:25 GMT" skipped="0">
  <testcase classname="automationexercise.testcases.ContactusPageTest" name="contactusPageFormTest" time="19.175"/>
</testsuite> <!-- automationexercise.testcases.ContactusPageTest -->
