<?xml version="1.0" encoding="UTF-8"?>
<!-- Generated by org.testng.reporters.JUnitReportReporter -->
<testsuite hostname="DESKTOP-LP0ER4S" failures="0" tests="1" name="automationexercise.testcases.SignUpPageTest" time="11.269" errors="0" timestamp="21 Jul 2025 04:05:11 GMT" skipped="0">
  <testcase classname="automationexercise.testcases.SignUpPageTest" name="enterRegistrationFormTest" time="11.269"/>
</testsuite> <!-- automationexercise.testcases.SignUpPageTest -->
