<?xml version="1.0" encoding="UTF-8"?>
<!-- Generated by org.testng.reporters.JUnitReportReporter -->
<testsuite hostname="DESKTOP-LP0ER4S" failures="0" tests="1" name="softwaretesting.testcases.CustomerRegistrationPageTest" time="18.426" errors="0" timestamp="12 Jul 2025 06:10:06 GMT" skipped="0">
  <testcase classname="softwaretesting.testcases.CustomerRegistrationPageTest" name="fillRegistrationFormTest" time="18.426"/>
</testsuite> <!-- softwaretesting.testcases.CustomerRegistrationPageTest -->
