<?xml version="1.0" encoding="UTF-8"?>
<!-- Generated by org.testng.reporters.JUnitReportReporter -->
<testsuite hostname="DESKTOP-LP0ER4S" failures="0" tests="1" name="automationexercise.testcases.AccountCreatedPageTest" time="11.727" errors="0" timestamp="21 Jul 2025 07:01:43 GMT" skipped="0">
  <testcase classname="automationexercise.testcases.AccountCreatedPageTest" name="accountCreatedDisplayedTest" time="11.727"/>
</testsuite> <!-- automationexercise.testcases.AccountCreatedPageTest -->
