<?xml version="1.0" encoding="UTF-8"?>
<!-- Generated by org.testng.reporters.JUnitReportReporter -->
<testsuite hostname="DESKTOP-LP0ER4S" failures="0" tests="1" name="softwaretesting.testcases.LoginPageTest" time="6.459" errors="0" timestamp="12 Jul 2025 07:07:33 GMT" skipped="0">
  <testcase classname="softwaretesting.testcases.LoginPageTest" name="signInWithGoogleTest" time="6.459"/>
</testsuite> <!-- softwaretesting.testcases.LoginPageTest -->
