<?xml version="1.0" encoding="UTF-8"?>
<!-- Generated by org.testng.reporters.JUnitReportReporter -->
<testsuite hostname="DESKTOP-LP0ER4S" failures="0" tests="1" name="automationexercise.pageobjects.AccountDeletedPageTest" time="11.699" errors="0" timestamp="21 Jul 2025 07:32:09 GMT" skipped="0">
  <testcase classname="automationexercise.pageobjects.AccountDeletedPageTest" name="accountDeletedTest" time="11.699"/>
</testsuite> <!-- automationexercise.pageobjects.AccountDeletedPageTest -->
