<?xml version="1.0" encoding="UTF-8"?>
<!-- Generated by org.testng.reporters.JUnitReportReporter -->
<testsuite hostname="DESKTOP-LP0ER4S" failures="0" tests="1" name="automationexercise.testcases.TestCasePageTest" time="6.507" errors="0" timestamp="11 Aug 2025 06:15:29 GMT" skipped="0">
  <testcase classname="automationexercise.testcases.TestCasePageTest" name="verifyTestCasePage" time="6.507"/>
</testsuite> <!-- automationexercise.testcases.TestCasePageTest -->
