<?xml version="1.0" encoding="UTF-8"?>
<!-- Generated by org.testng.reporters.JUnitReportReporter -->
<testsuite hostname="DESKTOP-LP0ER4S" failures="0" tests="1" name="softwaretesting.testcases.LandingPageTest" time="5.953" errors="0" timestamp="11 Jul 2025 08:18:15 GMT" skipped="0">
  <testcase classname="softwaretesting.testcases.LandingPageTest" name="signInTest" time="5.953"/>
</testsuite> <!-- softwaretesting.testcases.LandingPageTest -->
