<?xml version="1.0" encoding="UTF-8"?>
<!-- Generated by org.testng.reporters.JUnitReportReporter -->
<testsuite hostname="DESKTOP-LP0ER4S" failures="0" tests="1" name="softwaretesting.testcases.MyAccountPageTest" time="26.274" errors="0" timestamp="12 Jul 2025 08:01:37 GMT" skipped="0">
  <testcase classname="softwaretesting.testcases.MyAccountPageTest" name="verifyFavoritesTest" time="26.274"/>
</testsuite> <!-- softwaretesting.testcases.MyAccountPageTest -->
